\BOOKMARK [1][-]{section.1}{\376\377\000E\000l\000a\000s\000t\000i\000c\000i\000t\000y}{}% 1
\BOOKMARK [2][-]{section*.2}{\376\377\000Y\000o\000u\000n\000g\000'\000s\000\040\000M\000o\000d\000u\000l\000u\000s}{section.1}% 2
\BOOKMARK [2][-]{equation.1.1}{\376\377\000S\000h\000e\000a\000r\000'\000s\000\040\000M\000o\000d\000u\000l\000u\000s}{section.1}% 3
\BOOKMARK [2][-]{equation.1.3}{\376\377\000B\000u\000l\000k\000'\000s\000\040\000M\000o\000d\000u\000l\000u\000s}{section.1}% 4
\BOOKMARK [1][-]{section.2}{\376\377\000G\000r\000a\000v\000i\000t\000y}{}% 5
\BOOKMARK [2][-]{section*.3}{\376\377\000K\000e\000p\000l\000e\000r\000'\000s\000\040\000T\000h\000i\000r\000d\000\040\000L\000a\000w\000\040\000\050\000O\000r\000b\000i\000t\000a\000l\000\040\000P\000e\000r\000i\000o\000d\000\051}{section.2}% 6
\BOOKMARK [2][-]{equation.2.7}{\376\377\000O\000r\000b\000i\000t\000a\000l\000\040\000V\000e\000l\000o\000c\000i\000t\000y}{section.2}% 7
\BOOKMARK [2][-]{equation.2.10}{\376\377\000E\000n\000e\000r\000g\000y\000\040\000i\000n\000\040\000O\000r\000b\000i\000t\000s}{section.2}% 8
\BOOKMARK [2][-]{equation.2.13}{\376\377\000L\000a\000u\000n\000c\000h\000i\000n\000g\000\040\000\046\000\040\000E\000s\000c\000a\000p\000e\000\040\000V\000e\000l\000o\000c\000i\000t\000y}{section.2}% 9
\BOOKMARK [1][-]{section.3}{\376\377\000F\000l\000u\000i\000d\000\040\000D\000y\000n\000a\000m\000i\000c\000s}{}% 10
\BOOKMARK [2][-]{section*.4}{\376\377\000F\000l\000o\000w\000\040\000R\000a\000t\000e\000\040\000E\000q\000u\000a\000t\000i\000o\000n}{section.3}% 11
\BOOKMARK [2][-]{equation.3.20}{\376\377\000B\000e\000r\000n\000o\000u\000l\000l\000i\000'\000s\000\040\000E\000q\000u\000a\000t\000i\000o\000n}{section.3}% 12
\BOOKMARK [2][-]{equation.3.21}{\376\377\000C\000o\000n\000t\000i\000n\000u\000i\000t\000y\000\040\000E\000q\000u\000a\000t\000i\000o\000n}{section.3}% 13
\BOOKMARK [2][-]{equation.3.22}{\376\377\000T\000o\000r\000r\000i\000c\000e\000l\000l\000i\000'\000s\000\040\000A\000p\000p\000r\000o\000x\000i\000m\000a\000t\000i\000o\000n}{section.3}% 14
\BOOKMARK [2][-]{equation.3.27}{\376\377\000V\000e\000n\000t\000u\000r\000i\000-\000m\000e\000t\000e\000r}{section.3}% 15
\BOOKMARK [2][-]{equation.3.33}{\376\377\000V\000e\000n\000t\000u\000r\000i\000-\000m\000e\000t\000e\000r\000\040\000w\000i\000t\000h\000\040\000m\000o\000n\000o\000m\000e\000t\000e\000r}{section.3}% 16
\BOOKMARK [2][-]{equation.3.36}{\376\377\000F\000o\000r\000c\000e\000\040\000o\000n\000\040\000A\000i\000r\000p\000l\000a\000n\000e}{section.3}% 17
\BOOKMARK [1][-]{section.4}{\376\377\000O\000s\000c\000i\000l\000l\000a\000t\000o\000r\000y\000\040\000M\000o\000t\000i\000o\000n}{}% 18
\BOOKMARK [2][-]{section*.5}{\376\377\000S\000i\000m\000p\000l\000e\000\040\000H\000a\000r\000m\000o\000n\000i\000c\000\040\000M\000o\000t\000i\000o\000n}{section.4}% 19
\BOOKMARK [3][-]{equation.4.51}{\376\377\000S\000p\000r\000i\000n\000g}{section.4}% 20
\BOOKMARK [3][-]{equation.4.54}{\376\377\000P\000e\000n\000d\000u\000l\000u\000m}{section.4}% 21
\BOOKMARK [3][-]{equation.4.58}{\376\377\000E\000n\000e\000r\000g\000y\000\040\000i\000n\000\040\000O\000s\000c\000i\000l\000l\000a\000t\000i\000o\000n\000\040\000M\000o\000t\000i\000o\000n}{section.4}% 22
\BOOKMARK [2][-]{equation.4.60}{\376\377\000W\000a\000v\000e\000\040\000M\000o\000t\000i\000o\000n}{section.4}% 23
\BOOKMARK [2][-]{equation.4.68}{\376\377\000W\000a\000v\000e\000\040\000o\000n\000\040\000a\000\040\000S\000t\000r\000i\000n\000g}{section.4}% 24
\BOOKMARK [1][-]{section.5}{\376\377\000T\000h\000e\000r\000m\000o\000d\000y\000n\000a\000m\000i\000c\000s\000:\000\040\000I\000d\000e\000a\000l\000\040\000G\000a\000s\000e\000s}{}% 25
\BOOKMARK [2][-]{equation.5.76}{\376\377\000I\000s\000o\000v\000o\000l\000u\000m\000e\000t\000r\000i\000c\000\040\000P\000r\000o\000c\000e\000s\000s}{section.5}% 26
\BOOKMARK [2][-]{equation.5.79}{\376\377\000I\000s\000o\000b\000a\000r\000i\000c\000\040\000P\000r\000o\000c\000e\000s\000s}{section.5}% 27
\BOOKMARK [2][-]{equation.5.86}{\376\377\000I\000s\000o\000t\000h\000e\000r\000m\000a\000l\000\040\000P\000r\000o\000c\000e\000s\000s}{section.5}% 28
\BOOKMARK [2][-]{equation.5.90}{\376\377\000A\000d\000i\000a\000b\000a\000t\000i\000c\000\040\000P\000r\000o\000c\000e\000s\000s}{section.5}% 29
\BOOKMARK [2][-]{equation.5.99}{\376\377\000E\000n\000g\000i\000n\000e\000s}{section.5}% 30
\BOOKMARK [3][-]{equation.5.101}{\376\377\000C\000a\000r\000n\000o\000t\000'\000s\000\040\000C\000y\000c\000l\000e}{equation.5.99}% 31
\BOOKMARK [3][-]{equation.5.107}{\376\377\000O\000t\000t\000o\000'\000s\000\040\000C\000y\000c\000l\000e}{equation.5.99}% 32
\BOOKMARK [2][-]{equation.5.110}{\376\377\000E\000n\000t\000r\000o\000p\000y}{section.5}% 33
